#
# There is insufficient memory for the Java Runtime Environment to continue.
# Native memory allocation (malloc) failed to allocate 262160 bytes for Chunk::new
# Possible reasons:
#   The system is out of physical RAM or swap space
#   The process is running with CompressedOops enabled, and the Java Heap may be blocking the growth of the native heap
# Possible solutions:
#   Reduce memory load on the system
#   Increase physical memory or swap space
#   Check if swap backing store is full
#   Decrease Java heap size (-Xmx/-Xms)
#   Decrease number of Java threads
#   Decrease Java thread stack sizes (-Xss)
#   Set larger code cache with -XX:ReservedCodeCacheSize=
#   JVM is running with Unscaled Compressed Oops mode in which the Java heap is
#     placed in the first 4GB address space. The Java Heap base address is the
#     maximum limit for the native heap growth. Please use -XX:HeapBaseMinAddress
#     to set the Java Heap base and to place the Java Heap above 4GB virtual address.
# This output file may be truncated or incomplete.
#
#  Out of Memory Error (arena.cpp:191), pid=30164, tid=11132
#
# JRE version: OpenJDK Runtime Environment Temurin-17.0.10+7 (17.0.10+7) (build 17.0.10+7)
# Java VM: OpenJDK 64-Bit Server VM Temurin-17.0.10+7 (17.0.10+7, mixed mode, tiered, compressed oops, compressed class ptrs, parallel gc, windows-amd64)
# No core dump will be written. Minidumps are not enabled by default on client versions of Windows
#

---------------  S U M M A R Y ------------

Command Line: --add-modules=ALL-SYSTEM --add-opens=java.base/java.util=ALL-UNNAMED --add-opens=java.base/java.lang=ALL-UNNAMED --add-opens=java.base/sun.nio.fs=ALL-UNNAMED -Declipse.application=org.eclipse.jdt.ls.core.id1 -Dosgi.bundles.defaultStartLevel=4 -Declipse.product=org.eclipse.jdt.ls.core.product -Djava.import.generatesMetadataFilesAtProjectRoot=false -DDetectVMInstallationsJob.disabled=true -Dfile.encoding=utf8 -XX:+UseParallelGC -XX:GCTimeRatio=4 -XX:AdaptiveSizePolicyWeight=90 -Dsun.zip.disableMemoryMapping=true -Xmx1G -Xms100m -Xlog:disable -javaagent:c:\Users\GIMHAN\.vscode\extensions\redhat.java-1.30.0-win32-x64\lombok\lombok-1.18.32.jar -XX:+HeapDumpOnOutOfMemoryError -XX:HeapDumpPath=c:\Users\GIMHAN\AppData\Roaming\Code\User\workspaceStorage\75d12550476fcbfc377378e07dc9010d\redhat.java -Daether.dependencyCollector.impl=bf c:\Users\GIMHAN\.vscode\extensions\redhat.java-1.30.0-win32-x64\server\plugins\org.eclipse.equinox.launcher_1.6.800.v20240330-1250.jar -configuration c:\Users\GIMHAN\AppData\Roaming\Code\User\globalStorage\redhat.java\1.30.0\config_win -data c:\Users\GIMHAN\AppData\Roaming\Code\User\workspaceStorage\75d12550476fcbfc377378e07dc9010d\redhat.java\jdt_ws --pipe=\\.\pipe\lsp-68096f0f956c4387dab2f32b1203793c-sock

Host: 11th Gen Intel(R) Core(TM) i7-1165G7 @ 2.80GHz, 8 cores, 7G,  Windows 11 , 64 bit Build 22621 (10.0.22621.3527)
Time: Tue Jun  4 19:35:01 2024 Sri Lanka Standard Time elapsed time: 8.717583 seconds (0d 0h 0m 8s)

---------------  T H R E A D  ---------------

Current thread (0x000001e4348328f0):  JavaThread "C2 CompilerThread1" daemon [_thread_in_native, id=11132, stack(0x0000009227500000,0x0000009227600000)]


Current CompileTask:
C2:   8717 6489   !   4       java.nio.file.FileTreeWalker::getAttributes (94 bytes)

Stack: [0x0000009227500000,0x0000009227600000]
Native frames: (J=compiled Java code, j=interpreted, Vv=VM code, C=native code)
V  [jvm.dll+0x67d2c9]
V  [jvm.dll+0x834afa]
V  [jvm.dll+0x8365be]
V  [jvm.dll+0x836c23]
V  [jvm.dll+0x2477ff]
V  [jvm.dll+0xac514]
V  [jvm.dll+0xacb5c]
V  [jvm.dll+0x6a2502]
V  [jvm.dll+0x6a2943]
V  [jvm.dll+0x6a45e2]
V  [jvm.dll+0x790174]
V  [jvm.dll+0x6a44c7]
V  [jvm.dll+0x6a2f0a]
V  [jvm.dll+0x2228e9]
V  [jvm.dll+0x21b5cd]
V  [jvm.dll+0x219201]
V  [jvm.dll+0x1a502d]
V  [jvm.dll+0x2290de]
V  [jvm.dll+0x2272ac]
V  [jvm.dll+0x7e9bb7]
V  [jvm.dll+0x7e3fba]
V  [jvm.dll+0x67c1b5]
C  [ucrtbase.dll+0x29333]
C  [KERNEL32.DLL+0x1257d]
C  [ntdll.dll+0x5aa48]


---------------  P R O C E S S  ---------------

Threads class SMR info:
_java_thread_list=0x000001e4374fe170, length=41, elements={
0x000001e4186f0150, 0x000001e4316c5020, 0x000001e4316c6380, 0x000001e42c56a110,
0x000001e42c56acd0, 0x000001e42c56c030, 0x000001e4316e56c0, 0x000001e4316eb7d0,
0x000001e4316f0390, 0x000001e4316f9d00, 0x000001e4317f4000, 0x000001e431a5d240,
0x000001e432e40a60, 0x000001e433143970, 0x000001e433102f30, 0x000001e432d95a80,
0x000001e433782b50, 0x000001e43313ef60, 0x000001e433744300, 0x000001e433742ec0,
0x000001e433741570, 0x000001e4348328f0, 0x000001e433740b50, 0x000001e4337429b0,
0x000001e4337438e0, 0x000001e433741f90, 0x000001e433741060, 0x000001e4337424a0,
0x000001e435334650, 0x000001e435338310, 0x000001e4353369c0, 0x000001e435336ed0,
0x000001e43533b0a0, 0x000001e43533a680, 0x000001e435335fa0, 0x000001e435339750,
0x000001e435334b60, 0x000001e43533bac0, 0x000001e435339c60, 0x000001e4353364b0,
0x000001e435338820
}

Java Threads: ( => current thread )
  0x000001e4186f0150 JavaThread "main" [_thread_blocked, id=15800, stack(0x0000009225600000,0x0000009225700000)]
  0x000001e4316c5020 JavaThread "Reference Handler" daemon [_thread_blocked, id=8532, stack(0x0000009225900000,0x0000009225a00000)]
  0x000001e4316c6380 JavaThread "Finalizer" daemon [_thread_blocked, id=22012, stack(0x0000009225a00000,0x0000009225b00000)]
  0x000001e42c56a110 JavaThread "Signal Dispatcher" daemon [_thread_blocked, id=15816, stack(0x0000009225b00000,0x0000009225c00000)]
  0x000001e42c56acd0 JavaThread "Attach Listener" daemon [_thread_blocked, id=13368, stack(0x0000009225c00000,0x0000009225d00000)]
  0x000001e42c56c030 JavaThread "Service Thread" daemon [_thread_blocked, id=1708, stack(0x0000009225d00000,0x0000009225e00000)]
  0x000001e4316e56c0 JavaThread "Monitor Deflation Thread" daemon [_thread_blocked, id=26220, stack(0x0000009225e00000,0x0000009225f00000)]
  0x000001e4316eb7d0 JavaThread "C2 CompilerThread0" daemon [_thread_in_native, id=27184, stack(0x0000009225f00000,0x0000009226000000)]
  0x000001e4316f0390 JavaThread "C1 CompilerThread0" daemon [_thread_blocked, id=26944, stack(0x0000009226000000,0x0000009226100000)]
  0x000001e4316f9d00 JavaThread "Sweeper thread" daemon [_thread_blocked, id=30124, stack(0x0000009226100000,0x0000009226200000)]
  0x000001e4317f4000 JavaThread "Common-Cleaner" daemon [_thread_blocked, id=2940, stack(0x0000009226200000,0x0000009226300000)]
  0x000001e431a5d240 JavaThread "Notification Thread" daemon [_thread_blocked, id=5484, stack(0x0000009226300000,0x0000009226400000)]
  0x000001e432e40a60 JavaThread "Active Thread: Equinox Container: 2e5bd6e7-56d7-49d2-9ee3-b1406e7af61b" [_thread_blocked, id=13464, stack(0x0000009226b00000,0x0000009226c00000)]
  0x000001e433143970 JavaThread "Framework Event Dispatcher: Equinox Container: 2e5bd6e7-56d7-49d2-9ee3-b1406e7af61b" daemon [_thread_blocked, id=8236, stack(0x0000009226c00000,0x0000009226d00000)]
  0x000001e433102f30 JavaThread "Start Level: Equinox Container: 2e5bd6e7-56d7-49d2-9ee3-b1406e7af61b" daemon [_thread_blocked, id=23832, stack(0x0000009226d00000,0x0000009226e00000)]
  0x000001e432d95a80 JavaThread "Bundle File Closer" daemon [_thread_blocked, id=14428, stack(0x0000009226f00000,0x0000009227000000)]
  0x000001e433782b50 JavaThread "SCR Component Actor" daemon [_thread_blocked, id=28500, stack(0x0000009227000000,0x0000009227100000)]
  0x000001e43313ef60 JavaThread "SCR Component Registry" daemon [_thread_blocked, id=8092, stack(0x0000009227100000,0x0000009227200000)]
  0x000001e433744300 JavaThread "Worker-JM" [_thread_blocked, id=9100, stack(0x0000009227200000,0x0000009227300000)]
  0x000001e433742ec0 JavaThread "Worker-0: Loading available Gradle versions" [_thread_in_native, id=11224, stack(0x0000009227300000,0x0000009227400000)]
  0x000001e433741570 JavaThread "Worker-1" [_thread_blocked, id=22484, stack(0x0000009227400000,0x0000009227500000)]
=>0x000001e4348328f0 JavaThread "C2 CompilerThread1" daemon [_thread_in_native, id=11132, stack(0x0000009227500000,0x0000009227600000)]
  0x000001e433740b50 JavaThread "Java indexing" daemon [_thread_blocked, id=14516, stack(0x0000009227600000,0x0000009227700000)]
  0x000001e4337429b0 JavaThread "Worker-2: Initialize Workspace" [_thread_in_native, id=26072, stack(0x0000009227700000,0x0000009227800000)]
  0x000001e4337438e0 JavaThread "JNA Cleaner" daemon [_thread_blocked, id=12584, stack(0x0000009227800000,0x0000009227900000)]
  0x000001e433741f90 JavaThread "Thread-2" daemon [_thread_in_native, id=11384, stack(0x0000009227900000,0x0000009227a00000)]
  0x000001e433741060 JavaThread "Thread-3" daemon [_thread_in_native, id=3776, stack(0x0000009227a00000,0x0000009227b00000)]
  0x000001e4337424a0 JavaThread "Thread-4" daemon [_thread_in_native, id=21332, stack(0x0000009227b00000,0x0000009227c00000)]
  0x000001e435334650 JavaThread "Thread-5" daemon [_thread_in_native, id=12424, stack(0x0000009227c00000,0x0000009227d00000)]
  0x000001e435338310 JavaThread "Thread-6" daemon [_thread_in_native, id=9184, stack(0x0000009227d00000,0x0000009227e00000)]
  0x000001e4353369c0 JavaThread "Thread-7" daemon [_thread_in_native, id=25196, stack(0x0000009227e00000,0x0000009227f00000)]
  0x000001e435336ed0 JavaThread "Thread-8" daemon [_thread_in_native, id=6996, stack(0x0000009227f00000,0x0000009228000000)]
  0x000001e43533b0a0 JavaThread "Thread-9" daemon [_thread_in_native, id=13696, stack(0x0000009228000000,0x0000009228100000)]
  0x000001e43533a680 JavaThread "Thread-10" daemon [_thread_in_native, id=22936, stack(0x0000009228100000,0x0000009228200000)]
  0x000001e435335fa0 JavaThread "pool-2-thread-1" [_thread_blocked, id=6724, stack(0x0000009228200000,0x0000009228300000)]
  0x000001e435339750 JavaThread "WorkspaceEventsHandler" [_thread_blocked, id=18924, stack(0x0000009228300000,0x0000009228400000)]
  0x000001e435334b60 JavaThread "pool-1-thread-1" [_thread_blocked, id=9848, stack(0x0000009228400000,0x0000009228500000)]
  0x000001e43533bac0 JavaThread "Worker-3" [_thread_blocked, id=22172, stack(0x0000009228500000,0x0000009228600000)]
  0x000001e435339c60 JavaThread "Timer-0" [_thread_blocked, id=26172, stack(0x0000009228600000,0x0000009228700000)]
  0x000001e4353364b0 JavaThread "Timer-1" [_thread_blocked, id=17908, stack(0x0000009228700000,0x0000009228800000)]
  0x000001e435338820 JavaThread "Worker-4" [_thread_blocked, id=13992, stack(0x0000009228900000,0x0000009228a00000)]

Other Threads:
  0x000001e4316b18b0 VMThread "VM Thread" [stack: 0x0000009225800000,0x0000009225900000] [id=25012]
  0x000001e431a5d720 WatcherThread [stack: 0x0000009226400000,0x0000009226500000] [id=16388]
  0x000001e418706d30 GCTaskThread "GC Thread#0" [stack: 0x0000009225700000,0x0000009225800000] [id=25496]
  0x000001e432aef750 GCTaskThread "GC Thread#1" [stack: 0x0000009226500000,0x0000009226600000] [id=30136]
  0x000001e432aefa10 GCTaskThread "GC Thread#2" [stack: 0x0000009226600000,0x0000009226700000] [id=17320]
  0x000001e432c6fc40 GCTaskThread "GC Thread#3" [stack: 0x0000009226700000,0x0000009226800000] [id=22212]
  0x000001e432c6ff00 GCTaskThread "GC Thread#4" [stack: 0x0000009226800000,0x0000009226900000] [id=13708]
  0x000001e432c701c0 GCTaskThread "GC Thread#5" [stack: 0x0000009226900000,0x0000009226a00000] [id=29648]
  0x000001e432aea250 GCTaskThread "GC Thread#6" [stack: 0x0000009226a00000,0x0000009226b00000] [id=8260]
  0x000001e4328a0c20 GCTaskThread "GC Thread#7" [stack: 0x0000009226e00000,0x0000009226f00000] [id=27680]

Threads with active compile tasks:
C2 CompilerThread0     8749 6847       4       java.util.regex.Pattern::compile (500 bytes)
C2 CompilerThread1     8749 6489   !   4       java.nio.file.FileTreeWalker::getAttributes (94 bytes)

VM state: not at safepoint (normal execution)

VM Mutex/Monitor currently owned by a thread: None

OutOfMemory and StackOverflow Exception counts:
OutOfMemoryError java_heap_errors=1
LinkageErrors=92

Heap address: 0x00000000c0000000, size: 1024 MB, Compressed Oops mode: 32-bit

CDS archive(s) not mapped
Compressed class space mapped at: 0x0000000100000000-0x0000000140000000, reserved size: 1073741824
Narrow klass base: 0x0000000000000000, Narrow klass shift: 3, Narrow klass range: 0x140000000

GC Precious Log:
 CPUs: 8 total, 8 available
 Memory: 7873M
 Large Page Support: Disabled
 NUMA Support: Disabled
 Compressed Oops: Enabled (32-bit)
 Alignments: Space 512K, Generation 512K, Heap 2M
 Heap Min Capacity: 100M
 Heap Initial Capacity: 100M
 Heap Max Capacity: 1G
 Pre-touch: Disabled
 Parallel Workers: 8

Heap:
 PSYoungGen      total 24576K, used 20042K [0x00000000eab00000, 0x00000000ecb80000, 0x0000000100000000)
  eden space 22016K, 79% used [0x00000000eab00000,0x00000000ebc18978,0x00000000ec080000)
  from space 2560K, 99% used [0x00000000ec380000,0x00000000ec5f9f90,0x00000000ec600000)
  to   space 5632K, 0% used [0x00000000ec600000,0x00000000ec600000,0x00000000ecb80000)
 ParOldGen       total 68608K, used 42234K [0x00000000c0000000, 0x00000000c4300000, 0x00000000eab00000)
  object space 68608K, 61% used [0x00000000c0000000,0x00000000c293e808,0x00000000c4300000)
 Metaspace       used 60088K, committed 61120K, reserved 1114112K
  class space    used 6765K, committed 7168K, reserved 1048576K

Card table byte_map: [0x000001e4180a0000,0x000001e4182b0000] _byte_map_base: 0x000001e417aa0000

Marking Bits: (ParMarkBitMap*) 0x00007ffc3853d7d0
 Begin Bits: [0x000001e42a370000, 0x000001e42b370000)
 End Bits:   [0x000001e42b370000, 0x000001e42c370000)

Polling page: 0x000001e417e90000

Metaspace:

Usage:
  Non-class:     52.07 MB used.
      Class:      6.61 MB used.
       Both:     58.68 MB used.

Virtual space:
  Non-class space:       64.00 MB reserved,      52.69 MB ( 82%) committed,  1 nodes.
      Class space:        1.00 GB reserved,       7.00 MB ( <1%) committed,  1 nodes.
             Both:        1.06 GB reserved,      59.69 MB (  5%) committed. 

Chunk freelists:
   Non-Class:  10.77 MB
       Class:  9.00 MB
        Both:  19.77 MB

MaxMetaspaceSize: unlimited
CompressedClassSpaceSize: 1.00 GB
Initial GC threshold: 21.00 MB
Current GC threshold: 97.31 MB
CDS: off
MetaspaceReclaimPolicy: balanced
 - commit_granule_bytes: 65536.
 - commit_granule_words: 8192.
 - virtual_space_node_default_size: 8388608.
 - enlarge_chunks_in_place: 1.
 - new_chunks_are_fully_committed: 0.
 - uncommit_free_chunks: 1.
 - use_allocation_guard: 0.
 - handle_deallocations: 1.


Internal statistics:

num_allocs_failed_limit: 9.
num_arena_births: 750.
num_arena_deaths: 14.
num_vsnodes_births: 2.
num_vsnodes_deaths: 0.
num_space_committed: 955.
num_space_uncommitted: 0.
num_chunks_returned_to_freelist: 23.
num_chunks_taken_from_freelist: 3106.
num_chunk_merges: 14.
num_chunk_splits: 1864.
num_chunks_enlarged: 966.
num_inconsistent_stats: 0.

CodeHeap 'non-profiled nmethods': size=120000Kb used=3244Kb max_used=3244Kb free=116755Kb
 bounds [0x000001e422e40000, 0x000001e423170000, 0x000001e42a370000]
CodeHeap 'profiled nmethods': size=120000Kb used=12280Kb max_used=12280Kb free=107719Kb
 bounds [0x000001e41b370000, 0x000001e41bf70000, 0x000001e4228a0000]
CodeHeap 'non-nmethods': size=5760Kb used=1350Kb max_used=1391Kb free=4409Kb
 bounds [0x000001e4228a0000, 0x000001e422b10000, 0x000001e422e40000]
 total_blobs=6679 nmethods=6003 adapters=589
 compilation: enabled
              stopped_count=0, restarted_count=0
 full_count=0

Compilation events (20 events):
Event: 8.698 Thread 0x000001e4316f0390 6836       2       sun.nio.fs.WindowsFileAttributes::getBufferForFindData (7 bytes)
Event: 8.698 Thread 0x000001e4316f0390 nmethod 6836 0x000001e41bf67790 code [0x000001e41bf67940, 0x000001e41bf67b18]
Event: 8.698 Thread 0x000001e4316f0390 6837       2       sun.nio.fs.WindowsFileSystemProvider::newDirectoryStream (31 bytes)
Event: 8.699 Thread 0x000001e4316f0390 nmethod 6837 0x000001e41bf67c90 code [0x000001e41bf67e80, 0x000001e41bf68328]
Event: 8.699 Thread 0x000001e4316f0390 6838   !   2       java.nio.file.FileTreeWalker::wouldLoop (79 bytes)
Event: 8.699 Thread 0x000001e4316f0390 nmethod 6838 0x000001e41bf68610 code [0x000001e41bf68820, 0x000001e41bf68bf8]
Event: 8.699 Thread 0x000001e4316f0390 6839       2       org.eclipse.jdt.ls.core.internal.managers.BasicFileDetector$1::preVisitDirectory (10 bytes)
Event: 8.699 Thread 0x000001e4316f0390 nmethod 6839 0x000001e41bf68e90 code [0x000001e41bf69040, 0x000001e41bf691a8]
Event: 8.699 Thread 0x000001e4316f0390 6841       2       org.eclipse.jdt.ls.core.internal.managers.BasicFileDetector::hasTargetFile (53 bytes)
Event: 8.699 Thread 0x000001e4316f0390 nmethod 6841 0x000001e41bf69290 code [0x000001e41bf69480, 0x000001e41bf697c8]
Event: 8.699 Thread 0x000001e4316f0390 6840       2       org.eclipse.jdt.ls.core.internal.managers.BasicFileDetector$1::preVisitDirectory (98 bytes)
Event: 8.700 Thread 0x000001e4316f0390 nmethod 6840 0x000001e41bf69990 code [0x000001e41bf69ba0, 0x000001e41bf69f28]
Event: 8.700 Thread 0x000001e4316f0390 6842   !   2       sun.nio.fs.WindowsDirectoryStream::close (59 bytes)
Event: 8.700 Thread 0x000001e4316f0390 nmethod 6842 0x000001e41bf6a110 code [0x000001e41bf6a2e0, 0x000001e41bf6a5e8]
Event: 8.700 Thread 0x000001e4316f0390 6843       3       sun.nio.fs.WindowsPath$WindowsPathWithAttributes::getFileSystem (5 bytes)
Event: 8.700 Thread 0x000001e4316f0390 nmethod 6843 0x000001e41bf6a790 code [0x000001e41bf6a920, 0x000001e41bf6aa38]
Event: 8.702 Thread 0x000001e4316f0390 6845       2       java.nio.file.SimpleFileVisitor::postVisitDirectory (15 bytes)
Event: 8.702 Thread 0x000001e4316f0390 nmethod 6845 0x000001e41bf6ab10 code [0x000001e41bf6acc0, 0x000001e41bf6aea8]
Event: 8.712 Thread 0x000001e4316eb7d0 nmethod 6826% 0x000001e423169990 code [0x000001e423169bc0, 0x000001e42316a7d0]
Event: 8.712 Thread 0x000001e4316eb7d0 6847       4       java.util.regex.Pattern::compile (500 bytes)

GC Heap History (20 events):
Event: 7.706 GC heap before
{Heap before GC invocations=21 (full 2):
 PSYoungGen      total 24064K, used 23703K [0x00000000eab00000, 0x00000000ec600000, 0x0000000100000000)
  eden space 22016K, 99% used [0x00000000eab00000,0x00000000ec07eea0,0x00000000ec080000)
  from space 2048K, 82% used [0x00000000ec400000,0x00000000ec5a7090,0x00000000ec600000)
  to   space 2048K, 0% used [0x00000000ec200000,0x00000000ec200000,0x00000000ec400000)
 ParOldGen       total 68608K, used 21655K [0x00000000c0000000, 0x00000000c4300000, 0x00000000eab00000)
  object space 68608K, 31% used [0x00000000c0000000,0x00000000c1525c38,0x00000000c4300000)
 Metaspace       used 55180K, committed 56256K, reserved 1114112K
  class space    used 6080K, committed 6528K, reserved 1048576K
}
Event: 7.710 GC heap after
{Heap after GC invocations=21 (full 2):
 PSYoungGen      total 24064K, used 2031K [0x00000000eab00000, 0x00000000ed480000, 0x0000000100000000)
  eden space 22016K, 0% used [0x00000000eab00000,0x00000000eab00000,0x00000000ec080000)
  from space 2048K, 99% used [0x00000000ec200000,0x00000000ec3fbcf0,0x00000000ec400000)
  to   space 10240K, 0% used [0x00000000eca80000,0x00000000eca80000,0x00000000ed480000)
 ParOldGen       total 68608K, used 28480K [0x00000000c0000000, 0x00000000c4300000, 0x00000000eab00000)
  object space 68608K, 41% used [0x00000000c0000000,0x00000000c1bd0190,0x00000000c4300000)
 Metaspace       used 55180K, committed 56256K, reserved 1114112K
  class space    used 6080K, committed 6528K, reserved 1048576K
}
Event: 7.997 GC heap before
{Heap before GC invocations=22 (full 2):
 PSYoungGen      total 24064K, used 24023K [0x00000000eab00000, 0x00000000ed480000, 0x0000000100000000)
  eden space 22016K, 99% used [0x00000000eab00000,0x00000000ec07a308,0x00000000ec080000)
  from space 2048K, 99% used [0x00000000ec200000,0x00000000ec3fbcf0,0x00000000ec400000)
  to   space 10240K, 0% used [0x00000000eca80000,0x00000000eca80000,0x00000000ed480000)
 ParOldGen       total 68608K, used 28480K [0x00000000c0000000, 0x00000000c4300000, 0x00000000eab00000)
  object space 68608K, 41% used [0x00000000c0000000,0x00000000c1bd0190,0x00000000c4300000)
 Metaspace       used 57238K, committed 58368K, reserved 1114112K
  class space    used 6369K, committed 6848K, reserved 1048576K
}
Event: 8.000 GC heap after
{Heap after GC invocations=22 (full 2):
 PSYoungGen      total 24064K, used 1570K [0x00000000eab00000, 0x00000000ecc80000, 0x0000000100000000)
  eden space 22016K, 0% used [0x00000000eab00000,0x00000000eab00000,0x00000000ec080000)
  from space 2048K, 76% used [0x00000000eca80000,0x00000000ecc08938,0x00000000ecc80000)
  to   space 4608K, 0% used [0x00000000ec380000,0x00000000ec380000,0x00000000ec800000)
 ParOldGen       total 68608K, used 30522K [0x00000000c0000000, 0x00000000c4300000, 0x00000000eab00000)
  object space 68608K, 44% used [0x00000000c0000000,0x00000000c1dce958,0x00000000c4300000)
 Metaspace       used 57238K, committed 58368K, reserved 1114112K
  class space    used 6369K, committed 6848K, reserved 1048576K
}
Event: 8.088 GC heap before
{Heap before GC invocations=23 (full 2):
 PSYoungGen      total 24064K, used 23586K [0x00000000eab00000, 0x00000000ecc80000, 0x0000000100000000)
  eden space 22016K, 100% used [0x00000000eab00000,0x00000000ec080000,0x00000000ec080000)
  from space 2048K, 76% used [0x00000000eca80000,0x00000000ecc08938,0x00000000ecc80000)
  to   space 4608K, 0% used [0x00000000ec380000,0x00000000ec380000,0x00000000ec800000)
 ParOldGen       total 68608K, used 30522K [0x00000000c0000000, 0x00000000c4300000, 0x00000000eab00000)
  object space 68608K, 44% used [0x00000000c0000000,0x00000000c1dce958,0x00000000c4300000)
 Metaspace       used 58069K, committed 59200K, reserved 1114112K
  class space    used 6506K, committed 6976K, reserved 1048576K
}
Event: 8.091 GC heap after
{Heap after GC invocations=23 (full 2):
 PSYoungGen      total 26624K, used 1888K [0x00000000eab00000, 0x00000000ecb00000, 0x0000000100000000)
  eden space 22016K, 0% used [0x00000000eab00000,0x00000000eab00000,0x00000000ec080000)
  from space 4608K, 40% used [0x00000000ec380000,0x00000000ec558020,0x00000000ec800000)
  to   space 2560K, 0% used [0x00000000ec880000,0x00000000ec880000,0x00000000ecb00000)
 ParOldGen       total 68608K, used 31866K [0x00000000c0000000, 0x00000000c4300000, 0x00000000eab00000)
  object space 68608K, 46% used [0x00000000c0000000,0x00000000c1f1ea18,0x00000000c4300000)
 Metaspace       used 58069K, committed 59200K, reserved 1114112K
  class space    used 6506K, committed 6976K, reserved 1048576K
}
Event: 8.166 GC heap before
{Heap before GC invocations=24 (full 2):
 PSYoungGen      total 26624K, used 23904K [0x00000000eab00000, 0x00000000ecb00000, 0x0000000100000000)
  eden space 22016K, 100% used [0x00000000eab00000,0x00000000ec080000,0x00000000ec080000)
  from space 4608K, 40% used [0x00000000ec380000,0x00000000ec558020,0x00000000ec800000)
  to   space 2560K, 0% used [0x00000000ec880000,0x00000000ec880000,0x00000000ecb00000)
 ParOldGen       total 68608K, used 31866K [0x00000000c0000000, 0x00000000c4300000, 0x00000000eab00000)
  object space 68608K, 46% used [0x00000000c0000000,0x00000000c1f1ea18,0x00000000c4300000)
 Metaspace       used 58375K, committed 59520K, reserved 1114112K
  class space    used 6538K, committed 7040K, reserved 1048576K
}
Event: 8.170 GC heap after
{Heap after GC invocations=24 (full 2):
 PSYoungGen      total 24064K, used 1984K [0x00000000eab00000, 0x00000000eca80000, 0x0000000100000000)
  eden space 22016K, 0% used [0x00000000eab00000,0x00000000eab00000,0x00000000ec080000)
  from space 2048K, 96% used [0x00000000ec880000,0x00000000eca70000,0x00000000eca80000)
  to   space 2048K, 0% used [0x00000000ec680000,0x00000000ec680000,0x00000000ec880000)
 ParOldGen       total 68608K, used 33630K [0x00000000c0000000, 0x00000000c4300000, 0x00000000eab00000)
  object space 68608K, 49% used [0x00000000c0000000,0x00000000c20d7a58,0x00000000c4300000)
 Metaspace       used 58375K, committed 59520K, reserved 1114112K
  class space    used 6538K, committed 7040K, reserved 1048576K
}
Event: 8.206 GC heap before
{Heap before GC invocations=25 (full 2):
 PSYoungGen      total 24064K, used 14769K [0x00000000eab00000, 0x00000000eca80000, 0x0000000100000000)
  eden space 22016K, 58% used [0x00000000eab00000,0x00000000eb77c418,0x00000000ec080000)
  from space 2048K, 96% used [0x00000000ec880000,0x00000000eca70000,0x00000000eca80000)
  to   space 2048K, 0% used [0x00000000ec680000,0x00000000ec680000,0x00000000ec880000)
 ParOldGen       total 68608K, used 33630K [0x00000000c0000000, 0x00000000c4300000, 0x00000000eab00000)
  object space 68608K, 49% used [0x00000000c0000000,0x00000000c20d7a58,0x00000000c4300000)
 Metaspace       used 58717K, committed 59776K, reserved 1114112K
  class space    used 6586K, committed 7040K, reserved 1048576K
}
Event: 8.209 GC heap after
{Heap after GC invocations=25 (full 2):
 PSYoungGen      total 23552K, used 1248K [0x00000000eab00000, 0x00000000ec900000, 0x0000000100000000)
  eden space 22016K, 0% used [0x00000000eab00000,0x00000000eab00000,0x00000000ec080000)
  from space 1536K, 81% used [0x00000000ec680000,0x00000000ec7b8010,0x00000000ec800000)
  to   space 1024K, 0% used [0x00000000ec800000,0x00000000ec800000,0x00000000ec900000)
 ParOldGen       total 68608K, used 35454K [0x00000000c0000000, 0x00000000c4300000, 0x00000000eab00000)
  object space 68608K, 51% used [0x00000000c0000000,0x00000000c229fa58,0x00000000c4300000)
 Metaspace       used 58717K, committed 59776K, reserved 1114112K
  class space    used 6586K, committed 7040K, reserved 1048576K
}
Event: 8.209 GC heap before
{Heap before GC invocations=26 (full 3):
 PSYoungGen      total 23552K, used 1248K [0x00000000eab00000, 0x00000000ec900000, 0x0000000100000000)
  eden space 22016K, 0% used [0x00000000eab00000,0x00000000eab00000,0x00000000ec080000)
  from space 1536K, 81% used [0x00000000ec680000,0x00000000ec7b8010,0x00000000ec800000)
  to   space 1024K, 0% used [0x00000000ec800000,0x00000000ec800000,0x00000000ec900000)
 ParOldGen       total 68608K, used 35454K [0x00000000c0000000, 0x00000000c4300000, 0x00000000eab00000)
  object space 68608K, 51% used [0x00000000c0000000,0x00000000c229fa58,0x00000000c4300000)
 Metaspace       used 58717K, committed 59776K, reserved 1114112K
  class space    used 6586K, committed 7040K, reserved 1048576K
}
Event: 8.251 GC heap after
{Heap after GC invocations=26 (full 3):
 PSYoungGen      total 23552K, used 0K [0x00000000eab00000, 0x00000000ec900000, 0x0000000100000000)
  eden space 22016K, 0% used [0x00000000eab00000,0x00000000eab00000,0x00000000ec080000)
  from space 1536K, 0% used [0x00000000ec680000,0x00000000ec680000,0x00000000ec800000)
  to   space 1024K, 0% used [0x00000000ec800000,0x00000000ec800000,0x00000000ec900000)
 ParOldGen       total 68608K, used 35381K [0x00000000c0000000, 0x00000000c4300000, 0x00000000eab00000)
  object space 68608K, 51% used [0x00000000c0000000,0x00000000c228d4a0,0x00000000c4300000)
 Metaspace       used 58717K, committed 59776K, reserved 1114112K
  class space    used 6586K, committed 7040K, reserved 1048576K
}
Event: 8.293 GC heap before
{Heap before GC invocations=27 (full 3):
 PSYoungGen      total 23552K, used 22016K [0x00000000eab00000, 0x00000000ec900000, 0x0000000100000000)
  eden space 22016K, 100% used [0x00000000eab00000,0x00000000ec080000,0x00000000ec080000)
  from space 1536K, 0% used [0x00000000ec680000,0x00000000ec680000,0x00000000ec800000)
  to   space 1024K, 0% used [0x00000000ec800000,0x00000000ec800000,0x00000000ec900000)
 ParOldGen       total 68608K, used 35381K [0x00000000c0000000, 0x00000000c4300000, 0x00000000eab00000)
  object space 68608K, 51% used [0x00000000c0000000,0x00000000c228d4a0,0x00000000c4300000)
 Metaspace       used 58796K, committed 59968K, reserved 1114112K
  class space    used 6596K, committed 7104K, reserved 1048576K
}
Event: 8.295 GC heap after
{Heap after GC invocations=27 (full 3):
 PSYoungGen      total 23040K, used 1024K [0x00000000eab00000, 0x00000000ec900000, 0x0000000100000000)
  eden space 22016K, 0% used [0x00000000eab00000,0x00000000eab00000,0x00000000ec080000)
  from space 1024K, 100% used [0x00000000ec800000,0x00000000ec900000,0x00000000ec900000)
  to   space 2560K, 0% used [0x00000000ec400000,0x00000000ec400000,0x00000000ec680000)
 ParOldGen       total 68608K, used 36469K [0x00000000c0000000, 0x00000000c4300000, 0x00000000eab00000)
  object space 68608K, 53% used [0x00000000c0000000,0x00000000c239d4a0,0x00000000c4300000)
 Metaspace       used 58796K, committed 59968K, reserved 1114112K
  class space    used 6596K, committed 7104K, reserved 1048576K
}
Event: 8.347 GC heap before
{Heap before GC invocations=28 (full 3):
 PSYoungGen      total 23040K, used 23040K [0x00000000eab00000, 0x00000000ec900000, 0x0000000100000000)
  eden space 22016K, 100% used [0x00000000eab00000,0x00000000ec080000,0x00000000ec080000)
  from space 1024K, 100% used [0x00000000ec800000,0x00000000ec900000,0x00000000ec900000)
  to   space 2560K, 0% used [0x00000000ec400000,0x00000000ec400000,0x00000000ec680000)
 ParOldGen       total 68608K, used 36469K [0x00000000c0000000, 0x00000000c4300000, 0x00000000eab00000)
  object space 68608K, 53% used [0x00000000c0000000,0x00000000c239d4a0,0x00000000c4300000)
 Metaspace       used 58796K, committed 59968K, reserved 1114112K
  class space    used 6596K, committed 7104K, reserved 1048576K
}
Event: 8.350 GC heap after
{Heap after GC invocations=28 (full 3):
 PSYoungGen      total 24576K, used 2496K [0x00000000eab00000, 0x00000000ec880000, 0x0000000100000000)
  eden space 22016K, 0% used [0x00000000eab00000,0x00000000eab00000,0x00000000ec080000)
  from space 2560K, 97% used [0x00000000ec400000,0x00000000ec670010,0x00000000ec680000)
  to   space 2048K, 0% used [0x00000000ec680000,0x00000000ec680000,0x00000000ec880000)
 ParOldGen       total 68608K, used 37509K [0x00000000c0000000, 0x00000000c4300000, 0x00000000eab00000)
  object space 68608K, 54% used [0x00000000c0000000,0x00000000c24a14a0,0x00000000c4300000)
 Metaspace       used 58796K, committed 59968K, reserved 1114112K
  class space    used 6596K, committed 7104K, reserved 1048576K
}
Event: 8.391 GC heap before
{Heap before GC invocations=29 (full 3):
 PSYoungGen      total 24576K, used 24512K [0x00000000eab00000, 0x00000000ec880000, 0x0000000100000000)
  eden space 22016K, 100% used [0x00000000eab00000,0x00000000ec080000,0x00000000ec080000)
  from space 2560K, 97% used [0x00000000ec400000,0x00000000ec670010,0x00000000ec680000)
  to   space 2048K, 0% used [0x00000000ec680000,0x00000000ec680000,0x00000000ec880000)
 ParOldGen       total 68608K, used 37509K [0x00000000c0000000, 0x00000000c4300000, 0x00000000eab00000)
  object space 68608K, 54% used [0x00000000c0000000,0x00000000c24a14a0,0x00000000c4300000)
 Metaspace       used 58804K, committed 59968K, reserved 1114112K
  class space    used 6596K, committed 7104K, reserved 1048576K
}
Event: 8.394 GC heap after
{Heap after GC invocations=29 (full 3):
 PSYoungGen      total 24064K, used 2048K [0x00000000eab00000, 0x00000000ec880000, 0x0000000100000000)
  eden space 22016K, 0% used [0x00000000eab00000,0x00000000eab00000,0x00000000ec080000)
  from space 2048K, 100% used [0x00000000ec680000,0x00000000ec880000,0x00000000ec880000)
  to   space 2560K, 0% used [0x00000000ec380000,0x00000000ec380000,0x00000000ec600000)
 ParOldGen       total 68608K, used 39901K [0x00000000c0000000, 0x00000000c4300000, 0x00000000eab00000)
  object space 68608K, 58% used [0x00000000c0000000,0x00000000c26f74b0,0x00000000c4300000)
 Metaspace       used 58804K, committed 59968K, reserved 1114112K
  class space    used 6596K, committed 7104K, reserved 1048576K
}
Event: 8.554 GC heap before
{Heap before GC invocations=30 (full 3):
 PSYoungGen      total 24064K, used 24064K [0x00000000eab00000, 0x00000000ec880000, 0x0000000100000000)
  eden space 22016K, 100% used [0x00000000eab00000,0x00000000ec080000,0x00000000ec080000)
  from space 2048K, 100% used [0x00000000ec680000,0x00000000ec880000,0x00000000ec880000)
  to   space 2560K, 0% used [0x00000000ec380000,0x00000000ec380000,0x00000000ec600000)
 ParOldGen       total 68608K, used 39901K [0x00000000c0000000, 0x00000000c4300000, 0x00000000eab00000)
  object space 68608K, 58% used [0x00000000c0000000,0x00000000c26f74b0,0x00000000c4300000)
 Metaspace       used 60030K, committed 61120K, reserved 1114112K
  class space    used 6760K, committed 7168K, reserved 1048576K
}
Event: 8.559 GC heap after
{Heap after GC invocations=30 (full 3):
 PSYoungGen      total 24576K, used 2535K [0x00000000eab00000, 0x00000000ecb80000, 0x0000000100000000)
  eden space 22016K, 0% used [0x00000000eab00000,0x00000000eab00000,0x00000000ec080000)
  from space 2560K, 99% used [0x00000000ec380000,0x00000000ec5f9f90,0x00000000ec600000)
  to   space 5632K, 0% used [0x00000000ec600000,0x00000000ec600000,0x00000000ecb80000)
 ParOldGen       total 68608K, used 42234K [0x00000000c0000000, 0x00000000c4300000, 0x00000000eab00000)
  object space 68608K, 61% used [0x00000000c0000000,0x00000000c293e808,0x00000000c4300000)
 Metaspace       used 60030K, committed 61120K, reserved 1114112K
  class space    used 6760K, committed 7168K, reserved 1048576K
}

Dll operation events (13 events):
Event: 0.013 Loaded shared library c:\Users\GIMHAN\.vscode\extensions\redhat.java-1.30.0-win32-x64\jre\17.0.10-win32-x86_64\bin\java.dll
Event: 0.205 Loaded shared library c:\Users\GIMHAN\.vscode\extensions\redhat.java-1.30.0-win32-x64\jre\17.0.10-win32-x86_64\bin\zip.dll
Event: 0.213 Loaded shared library C:\Users\GIMHAN\.vscode\extensions\redhat.java-1.30.0-win32-x64\jre\17.0.10-win32-x86_64\bin\instrument.dll
Event: 0.239 Loaded shared library C:\Users\GIMHAN\.vscode\extensions\redhat.java-1.30.0-win32-x64\jre\17.0.10-win32-x86_64\bin\net.dll
Event: 0.244 Loaded shared library C:\Users\GIMHAN\.vscode\extensions\redhat.java-1.30.0-win32-x64\jre\17.0.10-win32-x86_64\bin\nio.dll
Event: 0.265 Loaded shared library C:\Users\GIMHAN\.vscode\extensions\redhat.java-1.30.0-win32-x64\jre\17.0.10-win32-x86_64\bin\zip.dll
Event: 0.697 Loaded shared library C:\Users\GIMHAN\.vscode\extensions\redhat.java-1.30.0-win32-x64\jre\17.0.10-win32-x86_64\bin\jimage.dll
Event: 0.790 Loaded shared library c:\Users\GIMHAN\.vscode\extensions\redhat.java-1.30.0-win32-x64\jre\17.0.10-win32-x86_64\bin\verify.dll
Event: 1.920 Loaded shared library C:\Users\GIMHAN\AppData\Roaming\Code\User\globalStorage\redhat.java\1.30.0\config_win\org.eclipse.equinox.launcher\org.eclipse.equinox.launcher.win32.win32.x86_64_1.2.900.v20240213-1244\eclipse_11900.dll
Event: 5.918 Loaded shared library C:\Users\GIMHAN\AppData\Local\Temp\jna-2102451946\jna15701700377052176113.dll
Event: 7.119 Loaded shared library C:\Users\GIMHAN\.vscode\extensions\redhat.java-1.30.0-win32-x64\jre\17.0.10-win32-x86_64\bin\sunmscapi.dll
Event: 8.002 Loaded shared library C:\Users\GIMHAN\.gradle\native\e1d6ef7f7dcc3fd88c89a11ec53ec762bb8ba0a96d01ffa2cd45eb1d1d8dd5c5\windows-amd64\native-platform.dll
Event: 8.158 Loaded shared library C:\Users\GIMHAN\.vscode\extensions\redhat.java-1.30.0-win32-x64\jre\17.0.10-win32-x86_64\bin\extnet.dll

Deoptimization events (20 events):
Event: 8.460 Thread 0x000001e4337429b0 Uncommon trap: trap_request=0xffffffde fr.pc=0x000001e42312a0e4 relative=0x0000000000000064
Event: 8.460 Thread 0x000001e4337429b0 Uncommon trap: reason=class_check action=maybe_recompile pc=0x000001e42312a0e4 method=java.nio.file.Files$AcceptAllFilter.accept(Ljava/lang/Object;)Z @ 2 c2
Event: 8.460 Thread 0x000001e4337429b0 DEOPT PACKING pc=0x000001e42312a0e4 sp=0x00000092277fedb0
Event: 8.460 Thread 0x000001e4337429b0 DEOPT UNPACKING pc=0x000001e4228f9ea3 sp=0x00000092277fed48 mode 2
Event: 8.577 Thread 0x000001e4337429b0 DEOPT PACKING pc=0x000001e41bf124f7 sp=0x00000092277fec10
Event: 8.577 Thread 0x000001e4337429b0 DEOPT UNPACKING pc=0x000001e4228fa9e3 sp=0x00000092277fe1f0 mode 0
Event: 8.613 Thread 0x000001e435335580 Uncommon trap: trap_request=0xffffffde fr.pc=0x000001e423127c88 relative=0x0000000000000e08
Event: 8.613 Thread 0x000001e435335580 Uncommon trap: reason=class_check action=maybe_recompile pc=0x000001e423127c88 method=java.util.HashMap.putVal(ILjava/lang/Object;Ljava/lang/Object;ZZ)Ljava/lang/Object; @ 203 c2
Event: 8.613 Thread 0x000001e435335580 DEOPT PACKING pc=0x000001e423127c88 sp=0x00000092288fc770
Event: 8.613 Thread 0x000001e435335580 DEOPT UNPACKING pc=0x000001e4228f9ea3 sp=0x00000092288fc5f8 mode 2
Event: 8.647 Thread 0x000001e435335580 Uncommon trap: trap_request=0xffffff6e fr.pc=0x000001e422ee6408 relative=0x00000000000009a8
Event: 8.647 Thread 0x000001e435335580 Uncommon trap: reason=loop_limit_check action=maybe_recompile pc=0x000001e422ee6408 method=java.util.jar.JarFile.match([B[B[B[B)I @ 18 c2
Event: 8.648 Thread 0x000001e435335580 DEOPT PACKING pc=0x000001e422ee6408 sp=0x00000092288fbeb0
Event: 8.648 Thread 0x000001e435335580 DEOPT UNPACKING pc=0x000001e4228f9ea3 sp=0x00000092288fbda8 mode 2
Event: 8.677 Thread 0x000001e4337429b0 DEOPT PACKING pc=0x000001e41bf1b710 sp=0x00000092277fec90
Event: 8.677 Thread 0x000001e4337429b0 DEOPT UNPACKING pc=0x000001e4228fa9e3 sp=0x00000092277fe198 mode 0
Event: 8.706 Thread 0x000001e4337429b0 DEOPT PACKING pc=0x000001e41bb12475 sp=0x00000092277fed10
Event: 8.706 Thread 0x000001e4337429b0 DEOPT UNPACKING pc=0x000001e4228fa9e3 sp=0x00000092277fe1c0 mode 0
Event: 8.713 Thread 0x000001e4337429b0 DEOPT PACKING pc=0x000001e41bb1240d sp=0x00000092277fed10
Event: 8.713 Thread 0x000001e4337429b0 DEOPT UNPACKING pc=0x000001e4228fa9e3 sp=0x00000092277fe1c0 mode 0

Classes unloaded (7 events):
Event: 3.376 Thread 0x000001e4316b18b0 Unloading class 0x0000000100250400 'java/lang/invoke/LambdaForm$MH+0x0000000100250400'
Event: 3.376 Thread 0x000001e4316b18b0 Unloading class 0x0000000100250000 'java/lang/invoke/LambdaForm$MH+0x0000000100250000'
Event: 3.376 Thread 0x000001e4316b18b0 Unloading class 0x000000010024fc00 'java/lang/invoke/LambdaForm$MH+0x000000010024fc00'
Event: 3.376 Thread 0x000001e4316b18b0 Unloading class 0x000000010024f800 'java/lang/invoke/LambdaForm$MH+0x000000010024f800'
Event: 3.377 Thread 0x000001e4316b18b0 Unloading class 0x000000010024f400 'java/lang/invoke/LambdaForm$BMH+0x000000010024f400'
Event: 3.377 Thread 0x000001e4316b18b0 Unloading class 0x000000010024f000 'java/lang/invoke/LambdaForm$DMH+0x000000010024f000'
Event: 3.377 Thread 0x000001e4316b18b0 Unloading class 0x000000010024c400 'java/lang/invoke/LambdaForm$DMH+0x000000010024c400'

Classes redefined (0 events):
No events

Internal exceptions (20 events):
Event: 8.713 Thread 0x000001e4337429b0 Exception <a 'sun/nio/fs/WindowsException'{0x00000000eb989128}> (0x00000000eb989128) 
thrown [s\src\hotspot\share\prims\jni.cpp, line 516]
Event: 8.713 Thread 0x000001e4337429b0 Exception <a 'sun/nio/fs/WindowsException'{0x00000000eb989750}> (0x00000000eb989750) 
thrown [s\src\hotspot\share\prims\jni.cpp, line 516]
Event: 8.713 Thread 0x000001e4337429b0 Exception <a 'sun/nio/fs/WindowsException'{0x00000000eb989d78}> (0x00000000eb989d78) 
thrown [s\src\hotspot\share\prims\jni.cpp, line 516]
Event: 8.713 Thread 0x000001e4337429b0 Exception <a 'sun/nio/fs/WindowsException'{0x00000000eb98a3b8}> (0x00000000eb98a3b8) 
thrown [s\src\hotspot\share\prims\jni.cpp, line 516]
Event: 8.713 Thread 0x000001e4337429b0 Exception <a 'sun/nio/fs/WindowsException'{0x00000000eb990270}> (0x00000000eb990270) 
thrown [s\src\hotspot\share\prims\jni.cpp, line 516]
Event: 8.713 Thread 0x000001e4337429b0 Exception <a 'sun/nio/fs/WindowsException'{0x00000000eb9908b0}> (0x00000000eb9908b0) 
thrown [s\src\hotspot\share\prims\jni.cpp, line 516]
Event: 8.713 Thread 0x000001e4337429b0 Exception <a 'sun/nio/fs/WindowsException'{0x00000000eb990f00}> (0x00000000eb990f00) 
thrown [s\src\hotspot\share\prims\jni.cpp, line 516]
Event: 8.713 Thread 0x000001e4337429b0 Exception <a 'sun/nio/fs/WindowsException'{0x00000000eb991560}> (0x00000000eb991560) 
thrown [s\src\hotspot\share\prims\jni.cpp, line 516]
Event: 8.714 Thread 0x000001e4337429b0 Exception <a 'sun/nio/fs/WindowsException'{0x00000000eb9966c8}> (0x00000000eb9966c8) 
thrown [s\src\hotspot\share\prims\jni.cpp, line 516]
Event: 8.714 Thread 0x000001e4337429b0 Exception <a 'sun/nio/fs/WindowsException'{0x00000000eb996d00}> (0x00000000eb996d00) 
thrown [s\src\hotspot\share\prims\jni.cpp, line 516]
Event: 8.714 Thread 0x000001e4337429b0 Exception <a 'sun/nio/fs/WindowsException'{0x00000000eb997338}> (0x00000000eb997338) 
thrown [s\src\hotspot\share\prims\jni.cpp, line 516]
Event: 8.714 Thread 0x000001e4337429b0 Exception <a 'sun/nio/fs/WindowsException'{0x00000000eb997990}> (0x00000000eb997990) 
thrown [s\src\hotspot\share\prims\jni.cpp, line 516]
Event: 8.714 Thread 0x000001e4337429b0 Exception <a 'sun/nio/fs/WindowsException'{0x00000000eb99cd38}> (0x00000000eb99cd38) 
thrown [s\src\hotspot\share\prims\jni.cpp, line 516]
Event: 8.714 Thread 0x000001e4337429b0 Exception <a 'sun/nio/fs/WindowsException'{0x00000000eb99d398}> (0x00000000eb99d398) 
thrown [s\src\hotspot\share\prims\jni.cpp, line 516]
Event: 8.714 Thread 0x000001e4337429b0 Exception <a 'sun/nio/fs/WindowsException'{0x00000000eb99da00}> (0x00000000eb99da00) 
thrown [s\src\hotspot\share\prims\jni.cpp, line 516]
Event: 8.714 Thread 0x000001e4337429b0 Exception <a 'sun/nio/fs/WindowsException'{0x00000000eb99e078}> (0x00000000eb99e078) 
thrown [s\src\hotspot\share\prims\jni.cpp, line 516]
Event: 8.715 Thread 0x000001e4337429b0 Exception <a 'sun/nio/fs/WindowsException'{0x00000000eb9a52a8}> (0x00000000eb9a52a8) 
thrown [s\src\hotspot\share\prims\jni.cpp, line 516]
Event: 8.715 Thread 0x000001e4337429b0 Exception <a 'sun/nio/fs/WindowsException'{0x00000000eb9a5918}> (0x00000000eb9a5918) 
thrown [s\src\hotspot\share\prims\jni.cpp, line 516]
Event: 8.715 Thread 0x000001e4337429b0 Exception <a 'sun/nio/fs/WindowsException'{0x00000000eb9a5f98}> (0x00000000eb9a5f98) 
thrown [s\src\hotspot\share\prims\jni.cpp, line 516]
Event: 8.715 Thread 0x000001e4337429b0 Exception <a 'sun/nio/fs/WindowsException'{0x00000000eb9a6628}> (0x00000000eb9a6628) 
thrown [s\src\hotspot\share\prims\jni.cpp, line 516]

VM Operations (20 events):
Event: 7.923 Executing VM operation: HandshakeAllThreads
Event: 7.929 Executing VM operation: HandshakeAllThreads done
Event: 7.997 Executing VM operation: ParallelGCFailedAllocation
Event: 8.000 Executing VM operation: ParallelGCFailedAllocation done
Event: 8.088 Executing VM operation: ParallelGCFailedAllocation
Event: 8.091 Executing VM operation: ParallelGCFailedAllocation done
Event: 8.166 Executing VM operation: ParallelGCFailedAllocation
Event: 8.170 Executing VM operation: ParallelGCFailedAllocation done
Event: 8.206 Executing VM operation: CollectForMetadataAllocation
Event: 8.252 Executing VM operation: CollectForMetadataAllocation done
Event: 8.293 Executing VM operation: ParallelGCFailedAllocation
Event: 8.296 Executing VM operation: ParallelGCFailedAllocation done
Event: 8.347 Executing VM operation: ParallelGCFailedAllocation
Event: 8.350 Executing VM operation: ParallelGCFailedAllocation done
Event: 8.390 Executing VM operation: ParallelGCFailedAllocation
Event: 8.395 Executing VM operation: ParallelGCFailedAllocation done
Event: 8.414 Executing VM operation: HandshakeAllThreads
Event: 8.414 Executing VM operation: HandshakeAllThreads done
Event: 8.553 Executing VM operation: ParallelGCFailedAllocation
Event: 8.559 Executing VM operation: ParallelGCFailedAllocation done

Events (20 events):
Event: 8.458 loading class sun/security/util/math/intpoly/IntegerPolynomialP384
Event: 8.458 loading class sun/security/util/math/intpoly/IntegerPolynomialP384 done
Event: 8.458 loading class sun/security/util/math/intpoly/IntegerPolynomialP521
Event: 8.458 loading class sun/security/util/math/intpoly/IntegerPolynomialP521 done
Event: 8.459 loading class sun/security/util/math/intpoly/P256OrderField
Event: 8.459 loading class sun/security/util/math/intpoly/P256OrderField done
Event: 8.459 loading class sun/security/util/math/intpoly/P384OrderField
Event: 8.459 loading class sun/security/util/math/intpoly/P384OrderField done
Event: 8.460 loading class sun/security/util/math/intpoly/P521OrderField
Event: 8.460 loading class sun/security/util/math/intpoly/P521OrderField done
Event: 8.472 loading class java/security/interfaces/ECPrivateKey
Event: 8.472 loading class java/security/interfaces/ECPrivateKey done
Event: 8.473 loading class sun/security/util/ArrayUtil
Event: 8.473 loading class sun/security/util/ArrayUtil done
Event: 8.474 loading class sun/security/ssl/KeyShareExtension$CHKeyShareSpec
Event: 8.474 loading class sun/security/ssl/KeyShareExtension$CHKeyShareSpec done
Event: 8.474 loading class sun/security/ssl/OutputRecord$T13PaddingHolder
Event: 8.474 loading class sun/security/ssl/OutputRecord$T13PaddingHolder done
Event: 8.474 loading class sun/security/ssl/ContentType
Event: 8.474 loading class sun/security/ssl/ContentType done


Dynamic libraries:
0x00007ff6d0460000 - 0x00007ff6d046e000 	c:\Users\GIMHAN\.vscode\extensions\redhat.java-1.30.0-win32-x64\jre\17.0.10-win32-x86_64\bin\java.exe
0x00007ffcf1dd0000 - 0x00007ffcf1fe7000 	C:\WINDOWS\SYSTEM32\ntdll.dll
0x00007ffcf07b0000 - 0x00007ffcf0874000 	C:\WINDOWS\System32\KERNEL32.DLL
0x00007ffcef240000 - 0x00007ffcef5e7000 	C:\WINDOWS\System32\KERNELBASE.dll
0x00007ffce9710000 - 0x00007ffce97a7000 	C:\WINDOWS\SYSTEM32\apphelp.dll
0x00007ffcef9e0000 - 0x00007ffcefaf1000 	C:\WINDOWS\System32\ucrtbase.dll
0x00007ffcc7e40000 - 0x00007ffcc7e5b000 	c:\Users\GIMHAN\.vscode\extensions\redhat.java-1.30.0-win32-x64\jre\17.0.10-win32-x86_64\bin\VCRUNTIME140.dll
0x00007ffcc9130000 - 0x00007ffcc9147000 	c:\Users\GIMHAN\.vscode\extensions\redhat.java-1.30.0-win32-x64\jre\17.0.10-win32-x86_64\bin\jli.dll
0x00007ffcf03c0000 - 0x00007ffcf056e000 	C:\WINDOWS\System32\USER32.dll
0x00007ffcd4ad0000 - 0x00007ffcd4d63000 	C:\WINDOWS\WinSxS\amd64_microsoft.windows.common-controls_6595b64144ccf1df_6.0.22621.3527_none_270e469b73872a76\COMCTL32.dll
0x00007ffcef0f0000 - 0x00007ffcef116000 	C:\WINDOWS\System32\win32u.dll
0x00007ffcf0880000 - 0x00007ffcf0927000 	C:\WINDOWS\System32\msvcrt.dll
0x00007ffcf06a0000 - 0x00007ffcf06c9000 	C:\WINDOWS\System32\GDI32.dll
0x00007ffcef120000 - 0x00007ffcef239000 	C:\WINDOWS\System32\gdi32full.dll
0x00007ffcef620000 - 0x00007ffcef6ba000 	C:\WINDOWS\System32\msvcp_win.dll
0x00007ffcf1a80000 - 0x00007ffcf1ab1000 	C:\WINDOWS\System32\IMM32.DLL
0x00007ffce5200000 - 0x00007ffce520c000 	c:\Users\GIMHAN\.vscode\extensions\redhat.java-1.30.0-win32-x64\jre\17.0.10-win32-x86_64\bin\vcruntime140_1.dll
0x00007ffc912f0000 - 0x00007ffc9137d000 	c:\Users\GIMHAN\.vscode\extensions\redhat.java-1.30.0-win32-x64\jre\17.0.10-win32-x86_64\bin\msvcp140.dll
0x00007ffc379a0000 - 0x00007ffc38602000 	c:\Users\GIMHAN\.vscode\extensions\redhat.java-1.30.0-win32-x64\jre\17.0.10-win32-x86_64\bin\server\jvm.dll
0x00007ffcf0930000 - 0x00007ffcf09e2000 	C:\WINDOWS\System32\ADVAPI32.dll
0x00007ffcf0570000 - 0x00007ffcf0618000 	C:\WINDOWS\System32\sechost.dll
0x00007ffcef5f0000 - 0x00007ffcef618000 	C:\WINDOWS\System32\bcrypt.dll
0x00007ffcefcc0000 - 0x00007ffcefdd5000 	C:\WINDOWS\System32\RPCRT4.dll
0x00007ffce64c0000 - 0x00007ffce64c9000 	C:\WINDOWS\SYSTEM32\WSOCK32.dll
0x00007ffcedf70000 - 0x00007ffcedfbd000 	C:\WINDOWS\SYSTEM32\POWRPROF.dll
0x00007ffce58b0000 - 0x00007ffce58e4000 	C:\WINDOWS\SYSTEM32\WINMM.dll
0x00007ffcefec0000 - 0x00007ffceff31000 	C:\WINDOWS\System32\WS2_32.dll
0x00007ffce58a0000 - 0x00007ffce58aa000 	C:\WINDOWS\SYSTEM32\VERSION.dll
0x00007ffcedf50000 - 0x00007ffcedf63000 	C:\WINDOWS\SYSTEM32\UMPDC.dll
0x00007ffcee200000 - 0x00007ffcee218000 	C:\WINDOWS\SYSTEM32\kernel.appcore.dll
0x00007ffcd7790000 - 0x00007ffcd779a000 	c:\Users\GIMHAN\.vscode\extensions\redhat.java-1.30.0-win32-x64\jre\17.0.10-win32-x86_64\bin\jimage.dll
0x00007ffceca30000 - 0x00007ffcecc62000 	C:\WINDOWS\SYSTEM32\DBGHELP.DLL
0x00007ffcf09f0000 - 0x00007ffcf0d78000 	C:\WINDOWS\System32\combase.dll
0x00007ffcf06d0000 - 0x00007ffcf07a7000 	C:\WINDOWS\System32\OLEAUT32.dll
0x00007ffcd02a0000 - 0x00007ffcd02d2000 	C:\WINDOWS\SYSTEM32\dbgcore.DLL
0x00007ffcef6c0000 - 0x00007ffcef739000 	C:\WINDOWS\System32\bcryptPrimitives.dll
0x00007ffcd6920000 - 0x00007ffcd692e000 	c:\Users\GIMHAN\.vscode\extensions\redhat.java-1.30.0-win32-x64\jre\17.0.10-win32-x86_64\bin\instrument.dll
0x00007ffc91660000 - 0x00007ffc91685000 	c:\Users\GIMHAN\.vscode\extensions\redhat.java-1.30.0-win32-x64\jre\17.0.10-win32-x86_64\bin\java.dll
0x00007ffcc6460000 - 0x00007ffcc6478000 	c:\Users\GIMHAN\.vscode\extensions\redhat.java-1.30.0-win32-x64\jre\17.0.10-win32-x86_64\bin\zip.dll
0x00007ffcf0e30000 - 0x00007ffcf168c000 	C:\WINDOWS\System32\SHELL32.dll
0x00007ffced040000 - 0x00007ffced936000 	C:\WINDOWS\SYSTEM32\windows.storage.dll
0x00007ffcecf00000 - 0x00007ffced03e000 	C:\WINDOWS\SYSTEM32\wintypes.dll
0x00007ffcf17b0000 - 0x00007ffcf18a5000 	C:\WINDOWS\System32\SHCORE.dll
0x00007ffcf0dd0000 - 0x00007ffcf0e2e000 	C:\WINDOWS\System32\shlwapi.dll
0x00007ffcef020000 - 0x00007ffcef041000 	C:\WINDOWS\SYSTEM32\profapi.dll
0x00007ffc9f110000 - 0x00007ffc9f129000 	C:\Users\GIMHAN\.vscode\extensions\redhat.java-1.30.0-win32-x64\jre\17.0.10-win32-x86_64\bin\net.dll
0x00007ffce6120000 - 0x00007ffce6256000 	C:\WINDOWS\SYSTEM32\WINHTTP.dll
0x00007ffcee670000 - 0x00007ffcee6d9000 	C:\WINDOWS\system32\mswsock.dll
0x00007ffc912d0000 - 0x00007ffc912e6000 	C:\Users\GIMHAN\.vscode\extensions\redhat.java-1.30.0-win32-x64\jre\17.0.10-win32-x86_64\bin\nio.dll
0x00007ffcd47e0000 - 0x00007ffcd47f0000 	c:\Users\GIMHAN\.vscode\extensions\redhat.java-1.30.0-win32-x64\jre\17.0.10-win32-x86_64\bin\verify.dll
0x00007ffc8f780000 - 0x00007ffc8f7be000 	C:\Users\GIMHAN\AppData\Roaming\Code\User\globalStorage\redhat.java\1.30.0\config_win\org.eclipse.equinox.launcher\org.eclipse.equinox.launcher.win32.win32.x86_64_1.2.900.v20240213-1244\eclipse_11900.dll
0x00007ffcefb00000 - 0x00007ffcefca5000 	C:\WINDOWS\System32\ole32.dll
0x00007ffcee8d0000 - 0x00007ffcee8eb000 	C:\WINDOWS\SYSTEM32\CRYPTSP.dll
0x00007ffcee160000 - 0x00007ffcee195000 	C:\WINDOWS\system32\rsaenh.dll
0x00007ffcee770000 - 0x00007ffcee798000 	C:\WINDOWS\SYSTEM32\USERENV.dll
0x00007ffcee8f0000 - 0x00007ffcee8fc000 	C:\WINDOWS\SYSTEM32\CRYPTBASE.dll
0x00007ffcedc10000 - 0x00007ffcedc3d000 	C:\WINDOWS\SYSTEM32\IPHLPAPI.DLL
0x00007ffcf17a0000 - 0x00007ffcf17a9000 	C:\WINDOWS\System32\NSI.dll
0x00007ffce5c20000 - 0x00007ffce5c39000 	C:\WINDOWS\SYSTEM32\dhcpcsvc6.DLL
0x00007ffce5c00000 - 0x00007ffce5c1f000 	C:\WINDOWS\SYSTEM32\dhcpcsvc.DLL
0x00007ffcedc40000 - 0x00007ffcedd38000 	C:\WINDOWS\SYSTEM32\DNSAPI.dll
0x00007ffc8a2a0000 - 0x00007ffc8a2e5000 	C:\Users\GIMHAN\AppData\Local\Temp\jna-2102451946\jna15701700377052176113.dll
0x00007ffcf1690000 - 0x00007ffcf1698000 	C:\WINDOWS\System32\PSAPI.DLL
0x00007ffcd18d0000 - 0x00007ffcd18de000 	C:\Users\GIMHAN\.vscode\extensions\redhat.java-1.30.0-win32-x64\jre\17.0.10-win32-x86_64\bin\sunmscapi.dll
0x00007ffcef740000 - 0x00007ffcef8a8000 	C:\WINDOWS\System32\CRYPT32.dll
0x00007ffceea70000 - 0x00007ffceea9e000 	C:\WINDOWS\SYSTEM32\ncrypt.dll
0x00007ffceea30000 - 0x00007ffceea67000 	C:\WINDOWS\SYSTEM32\NTASN1.dll
0x00007ffce44e0000 - 0x00007ffce44ea000 	C:\Windows\System32\rasadhlp.dll
0x00007ffc91270000 - 0x00007ffc91297000 	C:\Users\GIMHAN\.gradle\native\e1d6ef7f7dcc3fd88c89a11ec53ec762bb8ba0a96d01ffa2cd45eb1d1d8dd5c5\windows-amd64\native-platform.dll
0x00007ffce4c90000 - 0x00007ffce4d13000 	C:\WINDOWS\System32\fwpuclnt.dll
0x00007ffcd15f0000 - 0x00007ffcd15f9000 	C:\Users\GIMHAN\.vscode\extensions\redhat.java-1.30.0-win32-x64\jre\17.0.10-win32-x86_64\bin\extnet.dll

dbghelp: loaded successfully - version: 4.0.5 - missing functions: none
symbol engine: initialized successfully - sym options: 0x614 - pdb path: .;c:\Users\GIMHAN\.vscode\extensions\redhat.java-1.30.0-win32-x64\jre\17.0.10-win32-x86_64\bin;C:\WINDOWS\SYSTEM32;C:\WINDOWS\WinSxS\amd64_microsoft.windows.common-controls_6595b64144ccf1df_6.0.22621.3527_none_270e469b73872a76;c:\Users\GIMHAN\.vscode\extensions\redhat.java-1.30.0-win32-x64\jre\17.0.10-win32-x86_64\bin\server;C:\Users\GIMHAN\AppData\Roaming\Code\User\globalStorage\redhat.java\1.30.0\config_win\org.eclipse.equinox.launcher\org.eclipse.equinox.launcher.win32.win32.x86_64_1.2.900.v20240213-1244;C:\Users\GIMHAN\AppData\Local\Temp\jna-2102451946;C:\Users\GIMHAN\.gradle\native\e1d6ef7f7dcc3fd88c89a11ec53ec762bb8ba0a96d01ffa2cd45eb1d1d8dd5c5\windows-amd64

VM Arguments:
jvm_args: --add-modules=ALL-SYSTEM --add-opens=java.base/java.util=ALL-UNNAMED --add-opens=java.base/java.lang=ALL-UNNAMED --add-opens=java.base/sun.nio.fs=ALL-UNNAMED -Declipse.application=org.eclipse.jdt.ls.core.id1 -Dosgi.bundles.defaultStartLevel=4 -Declipse.product=org.eclipse.jdt.ls.core.product -Djava.import.generatesMetadataFilesAtProjectRoot=false -DDetectVMInstallationsJob.disabled=true -Dfile.encoding=utf8 -XX:+UseParallelGC -XX:GCTimeRatio=4 -XX:AdaptiveSizePolicyWeight=90 -Dsun.zip.disableMemoryMapping=true -Xmx1G -Xms100m -Xlog:disable -javaagent:c:\Users\GIMHAN\.vscode\extensions\redhat.java-1.30.0-win32-x64\lombok\lombok-1.18.32.jar -XX:+HeapDumpOnOutOfMemoryError -XX:HeapDumpPath=c:\Users\GIMHAN\AppData\Roaming\Code\User\workspaceStorage\75d12550476fcbfc377378e07dc9010d\redhat.java -Daether.dependencyCollector.impl=bf 
java_command: c:\Users\GIMHAN\.vscode\extensions\redhat.java-1.30.0-win32-x64\server\plugins\org.eclipse.equinox.launcher_1.6.800.v20240330-1250.jar -configuration c:\Users\GIMHAN\AppData\Roaming\Code\User\globalStorage\redhat.java\1.30.0\config_win -data c:\Users\GIMHAN\AppData\Roaming\Code\User\workspaceStorage\75d12550476fcbfc377378e07dc9010d\redhat.java\jdt_ws --pipe=\\.\pipe\lsp-68096f0f956c4387dab2f32b1203793c-sock
java_class_path (initial): c:\Users\GIMHAN\.vscode\extensions\redhat.java-1.30.0-win32-x64\server\plugins\org.eclipse.equinox.launcher_1.6.800.v20240330-1250.jar
Launcher Type: SUN_STANDARD

[Global flags]
    uintx AdaptiveSizePolicyWeight                 = 90                                        {product} {command line}
     intx CICompilerCount                          = 4                                         {product} {ergonomic}
    uintx GCTimeRatio                              = 4                                         {product} {command line}
     bool HeapDumpOnOutOfMemoryError               = true                                   {manageable} {command line}
    ccstr HeapDumpPath                             = c:\Users\GIMHAN\AppData\Roaming\Code\User\workspaceStorage\75d12550476fcbfc377378e07dc9010d\redhat.java         {manageable} {command line}
   size_t InitialHeapSize                          = 104857600                                 {product} {command line}
   size_t MaxHeapSize                              = 1073741824                                {product} {command line}
   size_t MaxNewSize                               = 357564416                                 {product} {ergonomic}
   size_t MinHeapDeltaBytes                        = 524288                                    {product} {ergonomic}
   size_t MinHeapSize                              = 104857600                                 {product} {command line}
   size_t NewSize                                  = 34603008                                  {product} {ergonomic}
    uintx NonNMethodCodeHeapSize                   = 5839372                                {pd product} {ergonomic}
    uintx NonProfiledCodeHeapSize                  = 122909434                              {pd product} {ergonomic}
   size_t OldSize                                  = 70254592                                  {product} {ergonomic}
    uintx ProfiledCodeHeapSize                     = 122909434                              {pd product} {ergonomic}
    uintx ReservedCodeCacheSize                    = 251658240                              {pd product} {ergonomic}
     bool SegmentedCodeCache                       = true                                      {product} {ergonomic}
   size_t SoftMaxHeapSize                          = 1073741824                             {manageable} {ergonomic}
     bool UseCompressedClassPointers               = true                           {product lp64_product} {ergonomic}
     bool UseCompressedOops                        = true                           {product lp64_product} {ergonomic}
     bool UseLargePagesIndividualAllocation        = false                                  {pd product} {ergonomic}
     bool UseParallelGC                            = true                                      {product} {command line}

Logging:
Log output configuration:
 #0: stdout all=off uptime,level,tags
 #1: stderr all=off uptime,level,tags

Environment Variables:
JAVA_HOME=C:\Program Files\Java\jdk-17.0.2
PATH=C:\Program Files\Common Files\Oracle\Java\javapath;C:\Program Files (x86)\Common Files\Oracle\Java\javapath;C:\Windows\system32;C:\Windows;C:\Windows\System32\Wbem;C:\Windows\System32\WindowsPowerShell\v1.0\;C:\Windows\System32\OpenSSH\;C:\Program Files (x86)\NVIDIA Corporation\PhysX\Common;C:\Program Files\NVIDIA Corporation\NVIDIA NvDLISR;C:\Program Files\JetBrains\CLion 2022.1.3\bin\mingw\bin;C:\Program Files (x86)\Windows Live\Shared;C:\WINDOWS\system32;C:\WINDOWS;C:\WINDOWS\System32\Wbem;C:\WINDOWS\System32\WindowsPowerShell\v1.0\;C:\WINDOWS\System32\OpenSSH\;C:\Program Files\Java\jdk-1.8\bin;C:\Program Files\nodejs\;C:\Program Files\nodejs;C:\Program Files (x86)\MEVEN\apache-maven-3.9.5\bin;C:\Program Files (x86)\flutter\bin;C:\Program Files (x86)\Windows Kits\10\Windows Performance Toolkit\;C:\Program Files\dotnet\;C:\Program Files (x86)\Microsoft SQL Server\160\Tools\Binn\;C:\Program Files\Microsoft SQL Server\160\Tools\Binn\;C:\Program Files\Microsoft SQL Server\Client SDK\ODBC\170\Tools\Binn\;C:\Program Files\Microsoft SQL Server\160\DTS\Binn\;C:\Program Files (x86)\Microsoft SQL Server\160\DTS\Binn\;C:\Program Files\Azure Data Studio\bin;C:\Program Files\Git\cmd;C:\Users\GIMHAN\AppData\Local\Programs\Python\Python311\Scripts\;C:\Users\GIMHAN\AppData\Local\Programs\Python\Python311\;C:\Program Files\MySQL\MySQL Shell 8.0\bin\;C:\Users\GIMHAN\AppData\Local\Microsoft\WindowsApps;C:\Users\GIMHAN\AppData\Local\Programs\Microsoft VS Code\bin;C:\Users\GIMHAN\AppData\Local\JetBrains\IntelliJ IDEA 2023.2\bin;;C:\Users\GIMHAN\AppData\Roaming\npm;D:\fluuter extract\flutter\bin;D:\fluuter extract\platform-tools;C:\Program Files\Azure Data Studio\bin;C:\Users\GIMHAN\AppData\Local\GitHubDesktop\bin
USERNAME=GIMHAN
OS=Windows_NT
PROCESSOR_IDENTIFIER=Intel64 Family 6 Model 140 Stepping 1, GenuineIntel
TMP=C:\Users\GIMHAN\AppData\Local\Temp
TEMP=C:\Users\GIMHAN\AppData\Local\Temp



Periodic native trim disabled


---------------  S Y S T E M  ---------------

OS:
 Windows 11 , 64 bit Build 22621 (10.0.22621.3527)
OS uptime: 5 days 6:29 hours

CPU: total 8 (initial active 8) (4 cores per cpu, 2 threads per core) family 6 model 140 stepping 1 microcode 0x86, cx8, cmov, fxsr, ht, mmx, 3dnowpref, sse, sse2, sse3, ssse3, sse4.1, sse4.2, popcnt, lzcnt, tsc, tscinvbit, avx, avx2, aes, erms, clmul, bmi1, bmi2, adx, avx512f, avx512dq, avx512cd, avx512bw, avx512vl, sha, fma, vzeroupper, avx512_vpopcntdq, avx512_vpclmulqdq, avx512_vaes, avx512_vnni, clflush, clflushopt, clwb, avx512_vbmi2, avx512_vbmi
Processor Information for all 8 processors :
  Max Mhz: 2803, Current Mhz: 2803, Mhz Limit: 2803

Memory: 4k page, system-wide physical 7873M (240M free)
TotalPageFile size 16827M (AvailPageFile size 3M)
current process WorkingSet (physical memory assigned to process): 254M, peak: 254M
current process commit charge ("private bytes"): 322M, peak: 328M

vm_info: OpenJDK 64-Bit Server VM (17.0.10+7) for windows-amd64 JRE (17.0.10+7), built on Jan 16 2024 23:25:11 by "admin" with MS VC++ 16.10 / 16.11 (VS2019)

END.
